24-Mar-2020 20:14:31.222 INFO [main] org.apache.catalina.startup.VersionLoggerListener.log Server version name:   Apache Tomcat/9.0.30
24-Mar-2020 20:14:31.224 INFO [main] org.apache.catalina.startup.VersionLoggerListener.log Server built:          Dec 7 2019 16:42:04 UTC
24-Mar-2020 20:14:31.224 INFO [main] org.apache.catalina.startup.VersionLoggerListener.log Server version number: 9.0.30.0
24-Mar-2020 20:14:31.224 INFO [main] org.apache.catalina.startup.VersionLoggerListener.log OS Name:               Linux
24-Mar-2020 20:14:31.224 INFO [main] org.apache.catalina.startup.VersionLoggerListener.log OS Version:            3.10.0-514.26.2.el7.x86_64
24-Mar-2020 20:14:31.224 INFO [main] org.apache.catalina.startup.VersionLoggerListener.log Architecture:          amd64
24-Mar-2020 20:14:31.224 INFO [main] org.apache.catalina.startup.VersionLoggerListener.log Java Home:             /usr/java/jdk1.8.0_101/jre
24-Mar-2020 20:14:31.224 INFO [main] org.apache.catalina.startup.VersionLoggerListener.log JVM Version:           1.8.0_101-b13
24-Mar-2020 20:14:31.224 INFO [main] org.apache.catalina.startup.VersionLoggerListener.log JVM Vendor:            Oracle Corporation
24-Mar-2020 20:14:31.224 INFO [main] org.apache.catalina.startup.VersionLoggerListener.log CATALINA_BASE:         /usr/java/apache-tomcat-9.0.30
24-Mar-2020 20:14:31.225 INFO [main] org.apache.catalina.startup.VersionLoggerListener.log CATALINA_HOME:         /usr/java/apache-tomcat-9.0.30
24-Mar-2020 20:14:31.226 INFO [main] org.apache.catalina.startup.VersionLoggerListener.log Command line argument: -Djava.util.logging.config.file=/usr/java/apache-tomcat-9.0.30/conf/logging.properties
24-Mar-2020 20:14:31.226 INFO [main] org.apache.catalina.startup.VersionLoggerListener.log Command line argument: -Djava.util.logging.manager=org.apache.juli.ClassLoaderLogManager
24-Mar-2020 20:14:31.226 INFO [main] org.apache.catalina.startup.VersionLoggerListener.log Command line argument: -Djdk.tls.ephemeralDHKeySize=2048
24-Mar-2020 20:14:31.226 INFO [main] org.apache.catalina.startup.VersionLoggerListener.log Command line argument: -Djava.protocol.handler.pkgs=org.apache.catalina.webresources
24-Mar-2020 20:14:31.226 INFO [main] org.apache.catalina.startup.VersionLoggerListener.log Command line argument: -Dorg.apache.catalina.security.SecurityListener.UMASK=0027
24-Mar-2020 20:14:31.227 INFO [main] org.apache.catalina.startup.VersionLoggerListener.log Command line argument: -Dignore.endorsed.dirs=
24-Mar-2020 20:14:31.227 INFO [main] org.apache.catalina.startup.VersionLoggerListener.log Command line argument: -Dcatalina.base=/usr/java/apache-tomcat-9.0.30
24-Mar-2020 20:14:31.227 INFO [main] org.apache.catalina.startup.VersionLoggerListener.log Command line argument: -Dcatalina.home=/usr/java/apache-tomcat-9.0.30
24-Mar-2020 20:14:31.227 INFO [main] org.apache.catalina.startup.VersionLoggerListener.log Command line argument: -Djava.io.tmpdir=/usr/java/apache-tomcat-9.0.30/temp
24-Mar-2020 20:14:31.227 INFO [main] org.apache.catalina.core.AprLifecycleListener.lifecycleEvent The APR based Apache Tomcat Native library which allows optimal performance in production environments was not found on the java.library.path: [/usr/java/packages/lib/amd64:/usr/lib64:/lib64:/lib:/usr/lib]
24-Mar-2020 20:14:31.864 INFO [main] org.apache.coyote.AbstractProtocol.init Initializing ProtocolHandler ["http-nio-8080"]
24-Mar-2020 20:14:31.916 INFO [main] org.apache.coyote.AbstractProtocol.init Initializing ProtocolHandler ["ajp-nio-8009"]
24-Mar-2020 20:14:31.927 INFO [main] org.apache.catalina.startup.Catalina.load Server initialization in [1,062] milliseconds
24-Mar-2020 20:14:31.977 INFO [main] org.apache.catalina.core.StandardService.startInternal Starting service [Catalina]
24-Mar-2020 20:14:31.978 INFO [main] org.apache.catalina.core.StandardEngine.startInternal Starting Servlet engine: [Apache Tomcat/9.0.30]
24-Mar-2020 20:14:31.990 INFO [main] org.apache.catalina.startup.HostConfig.deployDirectory Deploying web application directory [/usr/java/apache-tomcat-9.0.30/webapps/docs]
